生成启动时间为 2019/5/6 11:22:50。
     1>项目“C:\Users\084\Desktop\jinchengdiaodu\jinchengdiaodu.vcxproj”在节点 2 上(Build 个目标)。
     1>ClCompile:
         C:\Program Files (x86)\Microsoft Visual Studio 11.0\VC\bin\CL.exe /c /ZI /nologo /W3 /WX- /Od /Oy- /D WIN32 /D _DEBUG /D _CONSOLE /D _VC80_UPGRADE=0x0600 /D _MBCS /Gm /EHsc /RTC1 /MTd /GS /Gy- /fp:precise /Zc:wchar_t /Zc:forScope /Yu"stdafx.h" /Fp".\Debug\jinchengdiaodu.pch" /Fo".\Debug\\" /Fd".\Debug\vc110.pdb" /Gd /TP /analyze- /errorReport:prompt jinchengdiaodu.cpp
         jinchengdiaodu.cpp
     1>c:\users\084\desktop\jinchengdiaodu\jinchengdiaodu.cpp(59): warning C4996: 'scanf': This function or variable may be unsafe. Consider using scanf_s instead. To disable deprecation, use _CRT_SECURE_NO_WARNINGS. See online help for details.
                 c:\program files (x86)\microsoft visual studio 11.0\vc\include\stdio.h(290) : 参见“scanf”的声明
     1>c:\users\084\desktop\jinchengdiaodu\jinchengdiaodu.cpp(65): warning C4996: 'scanf': This function or variable may be unsafe. Consider using scanf_s instead. To disable deprecation, use _CRT_SECURE_NO_WARNINGS. See online help for details.
                 c:\program files (x86)\microsoft visual studio 11.0\vc\include\stdio.h(290) : 参见“scanf”的声明
     1>c:\users\084\desktop\jinchengdiaodu\jinchengdiaodu.cpp(67): warning C4996: 'scanf': This function or variable may be unsafe. Consider using scanf_s instead. To disable deprecation, use _CRT_SECURE_NO_WARNINGS. See online help for details.
                 c:\program files (x86)\microsoft visual studio 11.0\vc\include\stdio.h(290) : 参见“scanf”的声明
     1>c:\users\084\desktop\jinchengdiaodu\jinchengdiaodu.cpp(69): warning C4996: 'scanf': This function or variable may be unsafe. Consider using scanf_s instead. To disable deprecation, use _CRT_SECURE_NO_WARNINGS. See online help for details.
                 c:\program files (x86)\microsoft visual studio 11.0\vc\include\stdio.h(290) : 参见“scanf”的声明
       Link:
         C:\Program Files (x86)\Microsoft Visual Studio 11.0\VC\bin\link.exe /ERRORREPORT:PROMPT /OUT:".\Debug\jinchengdiaodu.exe" /INCREMENTAL /NOLOGO odbc32.lib odbccp32.lib kernel32.lib user32.lib gdi32.lib winspool.lib comdlg32.lib advapi32.lib shell32.lib ole32.lib oleaut32.lib uuid.lib odbc32.lib odbccp32.lib /MANIFEST /MANIFESTUAC:"level='asInvoker' uiAccess='false'" /manifest:embed /DEBUG /PDB:".\Debug\jinchengdiaodu.pdb" /SUBSYSTEM:CONSOLE /TLBID:1 /DYNAMICBASE /NXCOMPAT /IMPLIB:".\Debug\jinchengdiaodu.lib" /MACHINE:X86 /SAFESEH .\Debug\jinchengdiaodu.obj
         .\Debug\StdAfx.obj
         jinchengdiaodu.vcxproj -> C:\Users\084\Desktop\jinchengdiaodu\.\Debug\jinchengdiaodu.exe
     1>已完成生成项目“C:\Users\084\Desktop\jinchengdiaodu\jinchengdiaodu.vcxproj”(Build 个目标)的操作。

生成成功。

已用时间 00:00:00.54
